07:48:54.345 [main] INFO  com.callhub.flipkart.tests.HomepageTest - Initializing Drivers
07:49:02.738 [main] INFO  com.callhub.flipkart.tests.HomepageTest - Driver loaded! Traversing to LoginPage!
07:49:02.743 [main] INFO  com.callhub.flipkart.pages.LoginPage - initializing driver
07:49:02.768 [main] INFO  com.callhub.flipkart.pages.LoginPage - Inside Login
07:49:02.768 [main] INFO  com.callhub.flipkart.pages.LoginPage - clicking on email
07:49:02.842 [main] INFO  com.callhub.flipkart.pages.LoginPage - clicked
07:49:02.843 [main] INFO  com.callhub.flipkart.pages.LoginPage - Typing in username
07:49:06.028 [main] INFO  com.callhub.flipkart.pages.LoginPage - Exception thrown: Continue button not present. Proceeding with normal login. 
07:49:06.180 [main] INFO  com.callhub.flipkart.pages.LoginPage - Password entered.
07:49:06.232 [main] INFO  com.callhub.flipkart.pages.LoginPage - Login button clicked.
07:49:09.241 [main] INFO  com.callhub.flipkart.pages.LoginPage - Username and Password verified!..Loading to HomePage.
07:49:09.246 [main] INFO  com.callhub.flipkart.tests.HomepageTest - verifying Title
07:49:09.247 [main] INFO  com.callhub.flipkart.pages.Homepage - Title found! Returning to HomePageTest
07:49:09.252 [main] INFO  com.callhub.flipkart.tests.HomepageTest - Found Title->Online Shopping Site for Mobiles, Electronics, Furniture, Grocery, Lifestyle, Books & More. Best Offers!
07:49:09.254 [main] INFO  com.callhub.flipkart.tests.HomepageTest - Title Verified!
07:49:11.583 [main] INFO  com.callhub.flipkart.tests.HomepageTest - Initializing Drivers
07:49:19.181 [main] INFO  com.callhub.flipkart.tests.HomepageTest - Driver loaded! Traversing to LoginPage!
07:49:19.182 [main] INFO  com.callhub.flipkart.pages.LoginPage - initializing driver
07:49:19.182 [main] INFO  com.callhub.flipkart.pages.LoginPage - Inside Login
07:49:19.182 [main] INFO  com.callhub.flipkart.pages.LoginPage - clicking on email
07:49:19.250 [main] INFO  com.callhub.flipkart.pages.LoginPage - clicked
07:49:19.250 [main] INFO  com.callhub.flipkart.pages.LoginPage - Typing in username
07:49:22.522 [main] INFO  com.callhub.flipkart.pages.LoginPage - Exception thrown: Continue button not present. Proceeding with normal login. 
07:49:22.651 [main] INFO  com.callhub.flipkart.pages.LoginPage - Password entered.
07:49:22.707 [main] INFO  com.callhub.flipkart.pages.LoginPage - Login button clicked.
07:49:25.746 [main] INFO  com.callhub.flipkart.pages.LoginPage - Username and Password verified!..Loading to HomePage.
07:49:25.748 [main] INFO  com.callhub.flipkart.tests.HomepageTest - Verifying username
07:49:25.775 [main] INFO  com.callhub.flipkart.pages.Homepage - UserName found->Sushmita
07:49:25.775 [main] INFO  com.callhub.flipkart.pages.Homepage - Username expected->Sushmita
07:49:25.775 [main] INFO  com.callhub.flipkart.pages.Homepage - Username matched!
07:49:25.775 [main] INFO  com.callhub.flipkart.tests.HomepageTest - Username Verified!
07:49:28.115 [main] INFO  com.callhub.flipkart.tests.HomepageTest - Initializing Drivers
07:49:35.312 [main] INFO  com.callhub.flipkart.tests.HomepageTest - Driver loaded! Traversing to LoginPage!
07:49:35.313 [main] INFO  com.callhub.flipkart.pages.LoginPage - initializing driver
07:49:35.313 [main] INFO  com.callhub.flipkart.pages.LoginPage - Inside Login
07:49:35.313 [main] INFO  com.callhub.flipkart.pages.LoginPage - clicking on email
07:49:35.394 [main] INFO  com.callhub.flipkart.pages.LoginPage - clicked
07:49:35.394 [main] INFO  com.callhub.flipkart.pages.LoginPage - Typing in username
07:49:38.632 [main] INFO  com.callhub.flipkart.pages.LoginPage - Exception thrown: Continue button not present. Proceeding with normal login. 
07:49:38.770 [main] INFO  com.callhub.flipkart.pages.LoginPage - Password entered.
07:49:38.829 [main] INFO  com.callhub.flipkart.pages.LoginPage - Login button clicked.
07:49:41.844 [main] INFO  com.callhub.flipkart.pages.LoginPage - Username and Password verified!..Loading to HomePage.
07:49:41.848 [main] INFO  com.callhub.flipkart.tests.HomepageTest - Sending product to search!
07:49:41.848 [main] INFO  com.callhub.flipkart.pages.Homepage - Product to search->iphone7. Typing iphone7 in search box.
07:49:41.933 [main] INFO  com.callhub.flipkart.pages.Homepage - ImplicitWaiting
07:49:41.937 [main] INFO  com.callhub.flipkart.pages.Homepage - Pressing Enter Key
07:49:42.059 [main] INFO  com.callhub.flipkart.tests.HomepageTest - Traversed to search Page!
07:49:42.059 [main] INFO  com.callhub.flipkart.pages.Homepage - Title found! Returning to HomePageTest
07:49:42.067 [main] INFO  com.callhub.flipkart.tests.HomepageTest - New Title of the page->Online Shopping Site for Mobiles, Electronics, Furniture, Grocery, Lifestyle, Books & More. Best Offers!
